<?xml version="1.0" encoding="UTF-8"?>
<coverage generated="1655622149121" clover="3.2.0">
  <project timestamp="1655622149121" name="All files">
    <metrics statements="299" coveredstatements="281" conditionals="71" coveredconditionals="64" methods="124" coveredmethods="108" elements="494" coveredelements="453" complexity="0" loc="299" ncloc="299" packages="7" files="20" classes="20">
      <package name="seu_barriga">
        <metrics statements="1" coveredstatements="1" conditionals="0" coveredconditionals="0" methods="0" coveredmethods="0"/>
        <file name="knexfile.js" path="C:\Users\gabri\OneDrive\Área de Trabalho\Projetos NodeJs\curso_jest\seu_barriga\knexfile.js">
          <metrics statements="1" coveredstatements="1" conditionals="0" coveredconditionals="0" methods="0" coveredmethods="0"/>
          <line num="1" count="7" type="stmt"/>
        </file>
      </package>
      <package name="seu_barriga.src">
        <metrics statements="16" coveredstatements="16" conditionals="4" coveredconditionals="4" methods="2" coveredmethods="2"/>
        <file name="app.js" path="C:\Users\gabri\OneDrive\Área de Trabalho\Projetos NodeJs\curso_jest\seu_barriga\src\app.js">
          <metrics statements="16" coveredstatements="16" conditionals="4" coveredconditionals="4" methods="2" coveredmethods="2"/>
          <line num="1" count="7" type="stmt"/>
          <line num="2" count="7" type="stmt"/>
          <line num="3" count="7" type="stmt"/>
          <line num="4" count="7" type="stmt"/>
          <line num="7" count="7" type="stmt"/>
          <line num="9" count="7" type="stmt"/>
          <line num="17" count="7" type="stmt"/>
          <line num="18" count="1" type="stmt"/>
          <line num="21" count="7" type="stmt"/>
          <line num="22" count="32" type="stmt"/>
          <line num="23" count="32" type="cond" truecount="2" falsecount="0"/>
          <line num="24" count="32" type="cond" truecount="2" falsecount="0"/>
          <line num="26" count="28" type="stmt"/>
          <line num="27" count="28" type="stmt"/>
          <line num="29" count="4" type="stmt"/>
          <line num="40" count="7" type="stmt"/>
        </file>
      </package>
      <package name="seu_barriga.src.config">
        <metrics statements="27" coveredstatements="25" conditionals="2" coveredconditionals="1" methods="7" coveredmethods="6"/>
        <file name="middleware.js" path="C:\Users\gabri\OneDrive\Área de Trabalho\Projetos NodeJs\curso_jest\seu_barriga\src\config\middleware.js">
          <metrics statements="3" coveredstatements="3" conditionals="0" coveredconditionals="0" methods="1" coveredmethods="1"/>
          <line num="1" count="7" type="stmt"/>
          <line num="4" count="7" type="stmt"/>
          <line num="5" count="7" type="stmt"/>
        </file>
        <file name="passport.js" path="C:\Users\gabri\OneDrive\Área de Trabalho\Projetos NodeJs\curso_jest\seu_barriga\src\config\passport.js">
          <metrics statements="14" coveredstatements="12" conditionals="2" coveredconditionals="1" methods="5" coveredmethods="4"/>
          <line num="1" count="7" type="stmt"/>
          <line num="2" count="7" type="stmt"/>
          <line num="4" count="7" type="stmt"/>
          <line num="6" count="7" type="stmt"/>
          <line num="8" count="7" type="stmt"/>
          <line num="9" count="7" type="stmt"/>
          <line num="14" count="7" type="stmt"/>
          <line num="15" count="68" type="stmt"/>
          <line num="17" count="68" type="cond" truecount="1" falsecount="1"/>
          <line num="18" count="68" type="stmt"/>
          <line num="20" count="0" type="stmt"/>
          <line num="23" count="0" type="stmt"/>
          <line num="27" count="7" type="stmt"/>
          <line num="28" count="7" type="stmt"/>
        </file>
        <file name="router.js" path="C:\Users\gabri\OneDrive\Área de Trabalho\Projetos NodeJs\curso_jest\seu_barriga\src\config\router.js">
          <metrics statements="10" coveredstatements="10" conditionals="0" coveredconditionals="0" methods="1" coveredmethods="1"/>
          <line num="1" count="7" type="stmt"/>
          <line num="3" count="7" type="stmt"/>
          <line num="4" count="7" type="stmt"/>
          <line num="5" count="7" type="stmt"/>
          <line num="7" count="7" type="stmt"/>
          <line num="8" count="7" type="stmt"/>
          <line num="9" count="7" type="stmt"/>
          <line num="10" count="7" type="stmt"/>
          <line num="11" count="7" type="stmt"/>
          <line num="13" count="7" type="stmt"/>
        </file>
      </package>
      <package name="seu_barriga.src.errors">
        <metrics statements="6" coveredstatements="6" conditionals="1" coveredconditionals="1" methods="2" coveredmethods="2"/>
        <file name="UnauthorizedResourceError.js" path="C:\Users\gabri\OneDrive\Área de Trabalho\Projetos NodeJs\curso_jest\seu_barriga\src\errors\UnauthorizedResourceError.js">
          <metrics statements="3" coveredstatements="3" conditionals="1" coveredconditionals="1" methods="1" coveredmethods="1"/>
          <line num="1" count="7" type="cond" truecount="1" falsecount="0"/>
          <line num="2" count="4" type="stmt"/>
          <line num="3" count="4" type="stmt"/>
        </file>
        <file name="ValidationError.js" path="C:\Users\gabri\OneDrive\Área de Trabalho\Projetos NodeJs\curso_jest\seu_barriga\src\errors\ValidationError.js">
          <metrics statements="3" coveredstatements="3" conditionals="0" coveredconditionals="0" methods="1" coveredmethods="1"/>
          <line num="1" count="7" type="stmt"/>
          <line num="2" count="28" type="stmt"/>
          <line num="3" count="28" type="stmt"/>
        </file>
      </package>
      <package name="seu_barriga.src.routes">
        <metrics statements="139" coveredstatements="123" conditionals="12" coveredconditionals="11" methods="74" coveredmethods="59"/>
        <file name="accounts.js" path="C:\Users\gabri\OneDrive\Área de Trabalho\Projetos NodeJs\curso_jest\seu_barriga\src\routes\accounts.js">
          <metrics statements="31" coveredstatements="28" conditionals="4" coveredconditionals="3" methods="19" coveredmethods="16"/>
          <line num="1" count="7" type="stmt"/>
          <line num="2" count="7" type="stmt"/>
          <line num="4" count="7" type="stmt"/>
          <line num="5" count="7" type="stmt"/>
          <line num="6" count="7" type="stmt"/>
          <line num="7" count="6" type="stmt"/>
          <line num="9" count="6" type="cond" truecount="2" falsecount="0"/>
          <line num="10" count="4" type="stmt"/>
          <line num="11" count="2" type="stmt"/>
          <line num="14" count="7" type="stmt"/>
          <line num="15" count="3" type="stmt"/>
          <line num="17" count="1" type="stmt"/>
          <line num="19" count="2" type="stmt"/>
          <line num="23" count="7" type="stmt"/>
          <line num="24" count="1" type="stmt"/>
          <line num="26" count="1" type="stmt"/>
          <line num="28" count="0" type="stmt"/>
          <line num="32" count="7" type="stmt"/>
          <line num="33" count="1" type="stmt"/>
          <line num="35" count="1" type="cond" truecount="1" falsecount="1"/>
          <line num="36" count="1" type="stmt"/>
          <line num="38" count="0" type="stmt"/>
          <line num="42" count="7" type="stmt"/>
          <line num="43" count="1" type="stmt"/>
          <line num="45" count="1" type="stmt"/>
          <line num="47" count="0" type="stmt"/>
          <line num="51" count="7" type="stmt"/>
          <line num="52" count="2" type="stmt"/>
          <line num="54" count="1" type="stmt"/>
          <line num="56" count="1" type="stmt"/>
          <line num="60" count="7" type="stmt"/>
        </file>
        <file name="auth.js" path="C:\Users\gabri\OneDrive\Área de Trabalho\Projetos NodeJs\curso_jest\seu_barriga\src\routes\auth.js">
          <metrics statements="22" coveredstatements="21" conditionals="4" coveredconditionals="4" methods="5" coveredmethods="5"/>
          <line num="1" count="7" type="stmt"/>
          <line num="2" count="7" type="stmt"/>
          <line num="3" count="7" type="stmt"/>
          <line num="4" count="7" type="stmt"/>
          <line num="6" count="7" type="stmt"/>
          <line num="8" count="7" type="stmt"/>
          <line num="9" count="7" type="stmt"/>
          <line num="11" count="7" type="stmt"/>
          <line num="12" count="3" type="stmt"/>
          <line num="14" count="3" type="cond" truecount="2" falsecount="0"/>
          <line num="15" count="2" type="cond" truecount="2" falsecount="0"/>
          <line num="16" count="1" type="stmt"/>
          <line num="21" count="1" type="stmt"/>
          <line num="22" count="1" type="stmt"/>
          <line num="23" count="1" type="stmt"/>
          <line num="25" count="2" type="stmt"/>
          <line num="29" count="7" type="stmt"/>
          <line num="30" count="1" type="stmt"/>
          <line num="31" count="1" type="stmt"/>
          <line num="32" count="1" type="stmt"/>
          <line num="34" count="0" type="stmt"/>
          <line num="38" count="7" type="stmt"/>
        </file>
        <file name="balance.js" path="C:\Users\gabri\OneDrive\Área de Trabalho\Projetos NodeJs\curso_jest\seu_barriga\src\routes\balance.js">
          <metrics statements="8" coveredstatements="7" conditionals="0" coveredconditionals="0" methods="4" coveredmethods="3"/>
          <line num="1" count="7" type="stmt"/>
          <line num="3" count="7" type="stmt"/>
          <line num="4" count="7" type="stmt"/>
          <line num="6" count="7" type="stmt"/>
          <line num="7" count="10" type="stmt"/>
          <line num="8" count="10" type="stmt"/>
          <line num="9" count="0" type="stmt"/>
          <line num="11" count="7" type="stmt"/>
        </file>
        <file name="transactions.js" path="C:\Users\gabri\OneDrive\Área de Trabalho\Projetos NodeJs\curso_jest\seu_barriga\src\routes\transactions.js">
          <metrics statements="30" coveredstatements="25" conditionals="2" coveredconditionals="2" methods="19" coveredmethods="14"/>
          <line num="1" count="7" type="stmt"/>
          <line num="2" count="7" type="stmt"/>
          <line num="4" count="7" type="stmt"/>
          <line num="5" count="7" type="stmt"/>
          <line num="7" count="7" type="stmt"/>
          <line num="8" count="4" type="stmt"/>
          <line num="10" count="4" type="cond" truecount="2" falsecount="0"/>
          <line num="11" count="1" type="stmt"/>
          <line num="12" count="1" type="stmt"/>
          <line num="15" count="7" type="stmt"/>
          <line num="16" count="1" type="stmt"/>
          <line num="18" count="1" type="stmt"/>
          <line num="19" count="0" type="stmt"/>
          <line num="22" count="7" type="stmt"/>
          <line num="23" count="1" type="stmt"/>
          <line num="24" count="1" type="stmt"/>
          <line num="25" count="0" type="stmt"/>
          <line num="28" count="7" type="stmt"/>
          <line num="29" count="15" type="stmt"/>
          <line num="31" count="10" type="stmt"/>
          <line num="32" count="0" type="stmt"/>
          <line num="35" count="7" type="stmt"/>
          <line num="36" count="1" type="stmt"/>
          <line num="38" count="1" type="stmt"/>
          <line num="39" count="0" type="stmt"/>
          <line num="42" count="7" type="stmt"/>
          <line num="43" count="1" type="stmt"/>
          <line num="45" count="1" type="stmt"/>
          <line num="46" count="0" type="stmt"/>
          <line num="48" count="7" type="stmt"/>
        </file>
        <file name="transfers.js" path="C:\Users\gabri\OneDrive\Área de Trabalho\Projetos NodeJs\curso_jest\seu_barriga\src\routes\transfers.js">
          <metrics statements="35" coveredstatements="30" conditionals="2" coveredconditionals="2" methods="22" coveredmethods="17"/>
          <line num="1" count="7" type="stmt"/>
          <line num="2" count="7" type="stmt"/>
          <line num="4" count="7" type="stmt"/>
          <line num="5" count="7" type="stmt"/>
          <line num="7" count="7" type="stmt"/>
          <line num="8" count="11" type="stmt"/>
          <line num="10" count="11" type="cond" truecount="2" falsecount="0"/>
          <line num="11" count="10" type="stmt"/>
          <line num="12" count="1" type="stmt"/>
          <line num="15" count="7" type="stmt"/>
          <line num="16" count="17" type="stmt"/>
          <line num="17" count="3" type="stmt"/>
          <line num="18" count="14" type="stmt"/>
          <line num="21" count="7" type="stmt"/>
          <line num="22" count="1" type="stmt"/>
          <line num="23" count="1" type="stmt"/>
          <line num="24" count="0" type="stmt"/>
          <line num="27" count="7" type="stmt"/>
          <line num="28" count="1" type="stmt"/>
          <line num="29" count="1" type="stmt"/>
          <line num="30" count="0" type="stmt"/>
          <line num="33" count="7" type="stmt"/>
          <line num="34" count="2" type="stmt"/>
          <line num="35" count="2" type="stmt"/>
          <line num="36" count="2" type="stmt"/>
          <line num="37" count="0" type="stmt"/>
          <line num="40" count="7" type="stmt"/>
          <line num="41" count="1" type="stmt"/>
          <line num="42" count="1" type="stmt"/>
          <line num="43" count="0" type="stmt"/>
          <line num="46" count="7" type="stmt"/>
          <line num="47" count="1" type="stmt"/>
          <line num="48" count="1" type="stmt"/>
          <line num="49" count="0" type="stmt"/>
          <line num="51" count="7" type="stmt"/>
        </file>
        <file name="users.js" path="C:\Users\gabri\OneDrive\Área de Trabalho\Projetos NodeJs\curso_jest\seu_barriga\src\routes\users.js">
          <metrics statements="13" coveredstatements="12" conditionals="0" coveredconditionals="0" methods="5" coveredmethods="4"/>
          <line num="1" count="7" type="stmt"/>
          <line num="3" count="7" type="stmt"/>
          <line num="4" count="7" type="stmt"/>
          <line num="6" count="7" type="stmt"/>
          <line num="7" count="1" type="stmt"/>
          <line num="9" count="1" type="stmt"/>
          <line num="11" count="0" type="stmt"/>
          <line num="15" count="7" type="stmt"/>
          <line num="16" count="6" type="stmt"/>
          <line num="17" count="6" type="stmt"/>
          <line num="18" count="2" type="stmt"/>
          <line num="20" count="4" type="stmt"/>
          <line num="24" count="7" type="stmt"/>
        </file>
      </package>
      <package name="seu_barriga.src.seeds">
        <metrics statements="15" coveredstatements="15" conditionals="0" coveredconditionals="0" methods="12" coveredmethods="12"/>
        <file name="01_transfer.js" path="C:\Users\gabri\OneDrive\Área de Trabalho\Projetos NodeJs\curso_jest\seu_barriga\src\seeds\01_transfer.js">
          <metrics statements="9" coveredstatements="9" conditionals="0" coveredconditionals="0" methods="8" coveredmethods="8"/>
          <line num="1" count="2" type="stmt"/>
          <line num="3" count="2" type="stmt"/>
          <line num="4" count="2" type="stmt"/>
          <line num="5" count="2" type="stmt"/>
          <line num="6" count="2" type="stmt"/>
          <line num="7" count="2" type="stmt"/>
          <line num="15" count="2" type="stmt"/>
          <line num="21" count="2" type="stmt"/>
          <line num="41" count="2" type="stmt"/>
        </file>
        <file name="02_balance.js" path="C:\Users\gabri\OneDrive\Área de Trabalho\Projetos NodeJs\curso_jest\seu_barriga\src\seeds\02_balance.js">
          <metrics statements="6" coveredstatements="6" conditionals="0" coveredconditionals="0" methods="4" coveredmethods="4"/>
          <line num="1" count="2" type="stmt"/>
          <line num="3" count="2" type="stmt"/>
          <line num="4" count="2" type="stmt"/>
          <line num="15" count="2" type="stmt"/>
          <line num="23" count="2" type="stmt"/>
          <line num="43" count="2" type="stmt"/>
        </file>
      </package>
      <package name="seu_barriga.src.services">
        <metrics statements="95" coveredstatements="95" conditionals="52" coveredconditionals="47" methods="27" coveredmethods="27"/>
        <file name="account.js" path="C:\Users\gabri\OneDrive\Área de Trabalho\Projetos NodeJs\curso_jest\seu_barriga\src\services\account.js">
          <metrics statements="18" coveredstatements="18" conditionals="7" coveredconditionals="6" methods="6" coveredmethods="6"/>
          <line num="1" count="7" type="stmt"/>
          <line num="3" count="7" type="stmt"/>
          <line num="4" count="7" type="cond" truecount="0" falsecount="1"/>
          <line num="5" count="9" type="stmt"/>
          <line num="7" count="7" type="stmt"/>
          <line num="8" count="3" type="cond" truecount="2" falsecount="0"/>
          <line num="10" count="2" type="stmt"/>
          <line num="11" count="2" type="cond" truecount="2" falsecount="0"/>
          <line num="13" count="1" type="stmt"/>
          <line num="16" count="7" type="stmt"/>
          <line num="17" count="1" type="stmt"/>
          <line num="20" count="7" type="stmt"/>
          <line num="21" count="1" type="stmt"/>
          <line num="26" count="7" type="stmt"/>
          <line num="27" count="2" type="stmt"/>
          <line num="28" count="2" type="cond" truecount="2" falsecount="0"/>
          <line num="30" count="1" type="stmt"/>
          <line num="35" count="7" type="stmt"/>
        </file>
        <file name="balance.js" path="C:\Users\gabri\OneDrive\Área de Trabalho\Projetos NodeJs\curso_jest\seu_barriga\src\services\balance.js">
          <metrics statements="4" coveredstatements="4" conditionals="0" coveredconditionals="0" methods="2" coveredmethods="2"/>
          <line num="1" count="7" type="stmt"/>
          <line num="2" count="7" type="stmt"/>
          <line num="3" count="10" type="stmt"/>
          <line num="12" count="7" type="stmt"/>
        </file>
        <file name="transaction.js" path="C:\Users\gabri\OneDrive\Área de Trabalho\Projetos NodeJs\curso_jest\seu_barriga\src\services\transaction.js">
          <metrics statements="21" coveredstatements="21" conditionals="20" coveredconditionals="19" methods="6" coveredmethods="6"/>
          <line num="1" count="7" type="stmt"/>
          <line num="3" count="7" type="stmt"/>
          <line num="4" count="7" type="cond" truecount="1" falsecount="0"/>
          <line num="5" count="5" type="stmt"/>
          <line num="12" count="7" type="cond" truecount="0" falsecount="1"/>
          <line num="13" count="3" type="stmt"/>
          <line num="18" count="7" type="stmt"/>
          <line num="19" count="15" type="cond" truecount="2" falsecount="0"/>
          <line num="20" count="14" type="cond" truecount="2" falsecount="0"/>
          <line num="21" count="13" type="cond" truecount="2" falsecount="0"/>
          <line num="22" count="12" type="cond" truecount="2" falsecount="0"/>
          <line num="23" count="11" type="cond" truecount="4" falsecount="0"/>
          <line num="25" count="10" type="stmt"/>
          <line num="26" count="10" type="cond" truecount="6" falsecount="0"/>
          <line num="28" count="5" type="stmt"/>
          <line num="31" count="10" type="stmt"/>
          <line num="35" count="7" type="stmt"/>
          <line num="36" count="1" type="stmt"/>
          <line num="41" count="7" type="stmt"/>
          <line num="42" count="1" type="stmt"/>
          <line num="47" count="7" type="stmt"/>
        </file>
        <file name="transfer.js" path="C:\Users\gabri\OneDrive\Área de Trabalho\Projetos NodeJs\curso_jest\seu_barriga\src\services\transfer.js">
          <metrics statements="32" coveredstatements="32" conditionals="16" coveredconditionals="14" methods="8" coveredmethods="8"/>
          <line num="1" count="7" type="stmt"/>
          <line num="3" count="7" type="stmt"/>
          <line num="4" count="7" type="cond" truecount="0" falsecount="1"/>
          <line num="5" count="1" type="stmt"/>
          <line num="10" count="7" type="cond" truecount="0" falsecount="1"/>
          <line num="11" count="12" type="stmt"/>
          <line num="16" count="7" type="stmt"/>
          <line num="17" count="17" type="cond" truecount="2" falsecount="0"/>
          <line num="18" count="15" type="cond" truecount="2" falsecount="0"/>
          <line num="19" count="13" type="cond" truecount="2" falsecount="0"/>
          <line num="20" count="11" type="cond" truecount="2" falsecount="0"/>
          <line num="21" count="9" type="cond" truecount="2" falsecount="0"/>
          <line num="22" count="7" type="cond" truecount="2" falsecount="0"/>
          <line num="24" count="5" type="stmt"/>
          <line num="26" count="5" type="stmt"/>
          <line num="27" count="10" type="cond" truecount="2" falsecount="0"/>
          <line num="31" count="7" type="stmt"/>
          <line num="34" count="2" type="stmt"/>
          <line num="35" count="2" type="stmt"/>
          <line num="37" count="2" type="stmt"/>
          <line num="60" count="2" type="stmt"/>
          <line num="61" count="2" type="stmt"/>
          <line num="64" count="7" type="stmt"/>
          <line num="66" count="1" type="stmt"/>
          <line num="70" count="1" type="stmt"/>
          <line num="93" count="1" type="stmt"/>
          <line num="94" count="1" type="stmt"/>
          <line num="95" count="1" type="stmt"/>
          <line num="98" count="7" type="stmt"/>
          <line num="99" count="1" type="stmt"/>
          <line num="100" count="1" type="stmt"/>
          <line num="103" count="7" type="stmt"/>
        </file>
        <file name="user.js" path="C:\Users\gabri\OneDrive\Área de Trabalho\Projetos NodeJs\curso_jest\seu_barriga\src\services\user.js">
          <metrics statements="20" coveredstatements="20" conditionals="9" coveredconditionals="8" methods="5" coveredmethods="5"/>
          <line num="1" count="7" type="stmt"/>
          <line num="2" count="7" type="stmt"/>
          <line num="4" count="7" type="stmt"/>
          <line num="5" count="7" type="stmt"/>
          <line num="6" count="1" type="stmt"/>
          <line num="9" count="7" type="cond" truecount="0" falsecount="1"/>
          <line num="10" count="99" type="stmt"/>
          <line num="13" count="7" type="stmt"/>
          <line num="14" count="26" type="stmt"/>
          <line num="15" count="26" type="stmt"/>
          <line num="18" count="7" type="stmt"/>
          <line num="19" count="30" type="cond" truecount="2" falsecount="0"/>
          <line num="20" count="29" type="cond" truecount="2" falsecount="0"/>
          <line num="21" count="28" type="cond" truecount="2" falsecount="0"/>
          <line num="23" count="27" type="stmt"/>
          <line num="24" count="27" type="cond" truecount="2" falsecount="0"/>
          <line num="26" count="26" type="stmt"/>
          <line num="27" count="26" type="stmt"/>
          <line num="28" count="26" type="stmt"/>
          <line num="31" count="7" type="stmt"/>
        </file>
      </package>
    </metrics>
  </project>
</coverage>
