TN:
SF:C:\Users\gabri\OneDrive\Área de Trabalho\Projetos NodeJs\curso_jest\seu_barriga\knexfile.js
FNF:0
FNH:0
DA:1,7
LF:1
LH:1
BRF:0
BRH:0
end_of_record
TN:
SF:C:\Users\gabri\OneDrive\Área de Trabalho\Projetos NodeJs\curso_jest\seu_barriga\src\app.js
FN:17,(anonymous_0)
FN:21,(anonymous_1)
FNF:2
FNH:2
FNDA:1,(anonymous_0)
FNDA:32,(anonymous_1)
DA:1,7
DA:2,7
DA:3,7
DA:4,7
DA:7,7
DA:9,7
DA:17,7
DA:18,1
DA:21,7
DA:22,32
DA:23,32
DA:24,32
DA:26,28
DA:27,28
DA:29,4
DA:40,7
LF:16
LH:16
BRDA:23,0,0,28
BRDA:23,0,1,4
BRDA:24,1,0,4
BRDA:24,1,1,28
BRF:4
BRH:4
end_of_record
TN:
SF:C:\Users\gabri\OneDrive\Área de Trabalho\Projetos NodeJs\curso_jest\seu_barriga\src\config\middleware.js
FN:4,(anonymous_0)
FNF:1
FNH:1
FNDA:7,(anonymous_0)
DA:1,7
DA:4,7
DA:5,7
LF:3
LH:3
BRF:0
BRH:0
end_of_record
TN:
SF:C:\Users\gabri\OneDrive\Área de Trabalho\Projetos NodeJs\curso_jest\seu_barriga\src\config\passport.js
FN:8,(anonymous_0)
FN:14,(anonymous_1)
FN:16,(anonymous_2)
FN:22,(anonymous_3)
FN:28,(anonymous_4)
FNF:5
FNH:4
FNDA:7,(anonymous_0)
FNDA:68,(anonymous_1)
FNDA:68,(anonymous_2)
FNDA:0,(anonymous_3)
FNDA:7,(anonymous_4)
DA:1,7
DA:2,7
DA:4,7
DA:6,7
DA:8,7
DA:9,7
DA:14,7
DA:15,68
DA:17,68
DA:18,68
DA:20,0
DA:23,0
DA:27,7
DA:28,7
LF:14
LH:12
BRDA:17,0,0,68
BRDA:17,0,1,0
BRF:2
BRH:1
end_of_record
TN:
SF:C:\Users\gabri\OneDrive\Área de Trabalho\Projetos NodeJs\curso_jest\seu_barriga\src\config\router.js
FN:3,(anonymous_0)
FNF:1
FNH:1
FNDA:7,(anonymous_0)
DA:1,7
DA:3,7
DA:4,7
DA:5,7
DA:7,7
DA:8,7
DA:9,7
DA:10,7
DA:11,7
DA:13,7
LF:10
LH:10
BRF:0
BRH:0
end_of_record
TN:
SF:C:\Users\gabri\OneDrive\Área de Trabalho\Projetos NodeJs\curso_jest\seu_barriga\src\errors\UnauthorizedResourceError.js
FN:1,UnautorizedResourceError
FNF:1
FNH:1
FNDA:4,UnautorizedResourceError
DA:1,7
DA:2,4
DA:3,4
LF:3
LH:3
BRDA:1,0,0,4
BRF:1
BRH:1
end_of_record
TN:
SF:C:\Users\gabri\OneDrive\Área de Trabalho\Projetos NodeJs\curso_jest\seu_barriga\src\errors\ValidationError.js
FN:1,ValidationError
FNF:1
FNH:1
FNDA:28,ValidationError
DA:1,7
DA:2,28
DA:3,28
LF:3
LH:3
BRF:0
BRH:0
end_of_record
TN:
SF:C:\Users\gabri\OneDrive\Área de Trabalho\Projetos NodeJs\curso_jest\seu_barriga\src\routes\accounts.js
FN:4,(anonymous_0)
FN:6,(anonymous_1)
FN:8,(anonymous_2)
FN:11,(anonymous_3)
FN:14,(anonymous_4)
FN:16,(anonymous_5)
FN:18,(anonymous_6)
FN:23,(anonymous_7)
FN:25,(anonymous_8)
FN:27,(anonymous_9)
FN:32,(anonymous_10)
FN:34,(anonymous_11)
FN:37,(anonymous_12)
FN:42,(anonymous_13)
FN:44,(anonymous_14)
FN:46,(anonymous_15)
FN:51,(anonymous_16)
FN:53,(anonymous_17)
FN:55,(anonymous_18)
FNF:19
FNH:16
FNDA:7,(anonymous_0)
FNDA:6,(anonymous_1)
FNDA:6,(anonymous_2)
FNDA:2,(anonymous_3)
FNDA:3,(anonymous_4)
FNDA:1,(anonymous_5)
FNDA:2,(anonymous_6)
FNDA:1,(anonymous_7)
FNDA:1,(anonymous_8)
FNDA:0,(anonymous_9)
FNDA:1,(anonymous_10)
FNDA:1,(anonymous_11)
FNDA:0,(anonymous_12)
FNDA:1,(anonymous_13)
FNDA:1,(anonymous_14)
FNDA:0,(anonymous_15)
FNDA:2,(anonymous_16)
FNDA:1,(anonymous_17)
FNDA:1,(anonymous_18)
DA:1,7
DA:2,7
DA:4,7
DA:5,7
DA:6,7
DA:7,6
DA:9,6
DA:10,4
DA:11,2
DA:14,7
DA:15,3
DA:17,1
DA:19,2
DA:23,7
DA:24,1
DA:26,1
DA:28,0
DA:32,7
DA:33,1
DA:35,1
DA:36,1
DA:38,0
DA:42,7
DA:43,1
DA:45,1
DA:47,0
DA:51,7
DA:52,2
DA:54,1
DA:56,1
DA:60,7
LF:31
LH:28
BRDA:9,0,0,2
BRDA:9,0,1,4
BRDA:35,1,0,0
BRDA:35,1,1,1
BRF:4
BRH:3
end_of_record
TN:
SF:C:\Users\gabri\OneDrive\Área de Trabalho\Projetos NodeJs\curso_jest\seu_barriga\src\routes\auth.js
FN:8,(anonymous_0)
FN:11,(anonymous_1)
FN:13,(anonymous_2)
FN:24,(anonymous_3)
FN:29,(anonymous_4)
FNF:5
FNH:5
FNDA:7,(anonymous_0)
FNDA:3,(anonymous_1)
FNDA:3,(anonymous_2)
FNDA:2,(anonymous_3)
FNDA:1,(anonymous_4)
DA:1,7
DA:2,7
DA:3,7
DA:4,7
DA:6,7
DA:8,7
DA:9,7
DA:11,7
DA:12,3
DA:14,3
DA:15,2
DA:16,1
DA:21,1
DA:22,1
DA:23,1
DA:25,2
DA:29,7
DA:30,1
DA:31,1
DA:32,1
DA:34,0
DA:38,7
LF:22
LH:21
BRDA:14,0,0,1
BRDA:14,0,1,2
BRDA:15,1,0,1
BRDA:15,1,1,1
BRF:4
BRH:4
end_of_record
TN:
SF:C:\Users\gabri\OneDrive\Área de Trabalho\Projetos NodeJs\curso_jest\seu_barriga\src\routes\balance.js
FN:3,(anonymous_0)
FN:6,(anonymous_1)
FN:8,(anonymous_2)
FN:9,(anonymous_3)
FNF:4
FNH:3
FNDA:7,(anonymous_0)
FNDA:10,(anonymous_1)
FNDA:10,(anonymous_2)
FNDA:0,(anonymous_3)
DA:1,7
DA:3,7
DA:4,7
DA:6,7
DA:7,10
DA:8,10
DA:9,0
DA:11,7
LF:8
LH:7
BRF:0
BRH:0
end_of_record
TN:
SF:C:\Users\gabri\OneDrive\Área de Trabalho\Projetos NodeJs\curso_jest\seu_barriga\src\routes\transactions.js
FN:4,(anonymous_0)
FN:7,(anonymous_1)
FN:9,(anonymous_2)
FN:12,(anonymous_3)
FN:15,(anonymous_4)
FN:17,(anonymous_5)
FN:19,(anonymous_6)
FN:22,(anonymous_7)
FN:24,(anonymous_8)
FN:25,(anonymous_9)
FN:28,(anonymous_10)
FN:30,(anonymous_11)
FN:32,(anonymous_12)
FN:35,(anonymous_13)
FN:37,(anonymous_14)
FN:39,(anonymous_15)
FN:42,(anonymous_16)
FN:44,(anonymous_17)
FN:46,(anonymous_18)
FNF:19
FNH:14
FNDA:7,(anonymous_0)
FNDA:4,(anonymous_1)
FNDA:4,(anonymous_2)
FNDA:1,(anonymous_3)
FNDA:1,(anonymous_4)
FNDA:1,(anonymous_5)
FNDA:0,(anonymous_6)
FNDA:1,(anonymous_7)
FNDA:1,(anonymous_8)
FNDA:0,(anonymous_9)
FNDA:15,(anonymous_10)
FNDA:10,(anonymous_11)
FNDA:0,(anonymous_12)
FNDA:1,(anonymous_13)
FNDA:1,(anonymous_14)
FNDA:0,(anonymous_15)
FNDA:1,(anonymous_16)
FNDA:1,(anonymous_17)
FNDA:0,(anonymous_18)
DA:1,7
DA:2,7
DA:4,7
DA:5,7
DA:7,7
DA:8,4
DA:10,4
DA:11,1
DA:12,1
DA:15,7
DA:16,1
DA:18,1
DA:19,0
DA:22,7
DA:23,1
DA:24,1
DA:25,0
DA:28,7
DA:29,15
DA:31,10
DA:32,0
DA:35,7
DA:36,1
DA:38,1
DA:39,0
DA:42,7
DA:43,1
DA:45,1
DA:46,0
DA:48,7
LF:30
LH:25
BRDA:10,0,0,3
BRDA:10,0,1,1
BRF:2
BRH:2
end_of_record
TN:
SF:C:\Users\gabri\OneDrive\Área de Trabalho\Projetos NodeJs\curso_jest\seu_barriga\src\routes\transfers.js
FN:4,(anonymous_0)
FN:7,(anonymous_1)
FN:9,(anonymous_2)
FN:12,(anonymous_3)
FN:15,(anonymous_4)
FN:17,(anonymous_5)
FN:18,(anonymous_6)
FN:21,(anonymous_7)
FN:23,(anonymous_8)
FN:24,(anonymous_9)
FN:27,(anonymous_10)
FN:29,(anonymous_11)
FN:30,(anonymous_12)
FN:33,(anonymous_13)
FN:36,(anonymous_14)
FN:37,(anonymous_15)
FN:40,(anonymous_16)
FN:42,(anonymous_17)
FN:43,(anonymous_18)
FN:46,(anonymous_19)
FN:48,(anonymous_20)
FN:49,(anonymous_21)
FNF:22
FNH:17
FNDA:7,(anonymous_0)
FNDA:11,(anonymous_1)
FNDA:11,(anonymous_2)
FNDA:1,(anonymous_3)
FNDA:17,(anonymous_4)
FNDA:3,(anonymous_5)
FNDA:14,(anonymous_6)
FNDA:1,(anonymous_7)
FNDA:1,(anonymous_8)
FNDA:0,(anonymous_9)
FNDA:1,(anonymous_10)
FNDA:1,(anonymous_11)
FNDA:0,(anonymous_12)
FNDA:2,(anonymous_13)
FNDA:2,(anonymous_14)
FNDA:0,(anonymous_15)
FNDA:1,(anonymous_16)
FNDA:1,(anonymous_17)
FNDA:0,(anonymous_18)
FNDA:1,(anonymous_19)
FNDA:1,(anonymous_20)
FNDA:0,(anonymous_21)
DA:1,7
DA:2,7
DA:4,7
DA:5,7
DA:7,7
DA:8,11
DA:10,11
DA:11,10
DA:12,1
DA:15,7
DA:16,17
DA:17,3
DA:18,14
DA:21,7
DA:22,1
DA:23,1
DA:24,0
DA:27,7
DA:28,1
DA:29,1
DA:30,0
DA:33,7
DA:34,2
DA:35,2
DA:36,2
DA:37,0
DA:40,7
DA:41,1
DA:42,1
DA:43,0
DA:46,7
DA:47,1
DA:48,1
DA:49,0
DA:51,7
LF:35
LH:30
BRDA:10,0,0,1
BRDA:10,0,1,10
BRF:2
BRH:2
end_of_record
TN:
SF:C:\Users\gabri\OneDrive\Área de Trabalho\Projetos NodeJs\curso_jest\seu_barriga\src\routes\users.js
FN:3,(anonymous_0)
FN:6,(anonymous_1)
FN:8,(anonymous_2)
FN:10,(anonymous_3)
FN:15,(anonymous_4)
FNF:5
FNH:4
FNDA:7,(anonymous_0)
FNDA:1,(anonymous_1)
FNDA:1,(anonymous_2)
FNDA:0,(anonymous_3)
FNDA:6,(anonymous_4)
DA:1,7
DA:3,7
DA:4,7
DA:6,7
DA:7,1
DA:9,1
DA:11,0
DA:15,7
DA:16,6
DA:17,6
DA:18,2
DA:20,4
DA:24,7
LF:13
LH:12
BRF:0
BRH:0
end_of_record
TN:
SF:C:\Users\gabri\OneDrive\Área de Trabalho\Projetos NodeJs\curso_jest\seu_barriga\src\seeds\01_transfer.js
FN:1,(anonymous_0)
FN:4,(anonymous_1)
FN:5,(anonymous_2)
FN:6,(anonymous_3)
FN:7,(anonymous_4)
FN:15,(anonymous_5)
FN:21,(anonymous_6)
FN:41,(anonymous_7)
FNF:8
FNH:8
FNDA:2,(anonymous_0)
FNDA:2,(anonymous_1)
FNDA:2,(anonymous_2)
FNDA:2,(anonymous_3)
FNDA:2,(anonymous_4)
FNDA:2,(anonymous_5)
FNDA:2,(anonymous_6)
FNDA:2,(anonymous_7)
DA:1,2
DA:3,2
DA:4,2
DA:5,2
DA:6,2
DA:7,2
DA:15,2
DA:21,2
DA:41,2
LF:9
LH:9
BRF:0
BRH:0
end_of_record
TN:
SF:C:\Users\gabri\OneDrive\Área de Trabalho\Projetos NodeJs\curso_jest\seu_barriga\src\seeds\02_balance.js
FN:3,(anonymous_0)
FN:15,(anonymous_1)
FN:23,(anonymous_2)
FN:43,(anonymous_3)
FNF:4
FNH:4
FNDA:2,(anonymous_0)
FNDA:2,(anonymous_1)
FNDA:2,(anonymous_2)
FNDA:2,(anonymous_3)
DA:1,2
DA:3,2
DA:4,2
DA:15,2
DA:23,2
DA:43,2
LF:6
LH:6
BRF:0
BRH:0
end_of_record
TN:
SF:C:\Users\gabri\OneDrive\Área de Trabalho\Projetos NodeJs\curso_jest\seu_barriga\src\services\account.js
FN:3,(anonymous_0)
FN:4,(anonymous_1)
FN:7,(anonymous_2)
FN:16,(anonymous_3)
FN:20,(anonymous_4)
FN:26,(anonymous_5)
FNF:6
FNH:6
FNDA:7,(anonymous_0)
FNDA:9,(anonymous_1)
FNDA:3,(anonymous_2)
FNDA:1,(anonymous_3)
FNDA:1,(anonymous_4)
FNDA:2,(anonymous_5)
DA:1,7
DA:3,7
DA:4,7
DA:5,9
DA:7,7
DA:8,3
DA:10,2
DA:11,2
DA:13,1
DA:16,7
DA:17,1
DA:20,7
DA:21,1
DA:26,7
DA:27,2
DA:28,2
DA:30,1
DA:35,7
LF:18
LH:18
BRDA:4,0,0,0
BRDA:8,1,0,1
BRDA:8,1,1,2
BRDA:11,2,0,1
BRDA:11,2,1,1
BRDA:28,3,0,1
BRDA:28,3,1,1
BRF:7
BRH:6
end_of_record
TN:
SF:C:\Users\gabri\OneDrive\Área de Trabalho\Projetos NodeJs\curso_jest\seu_barriga\src\services\balance.js
FN:1,(anonymous_0)
FN:2,(anonymous_1)
FNF:2
FNH:2
FNDA:7,(anonymous_0)
FNDA:10,(anonymous_1)
DA:1,7
DA:2,7
DA:3,10
DA:12,7
LF:4
LH:4
BRF:0
BRH:0
end_of_record
TN:
SF:C:\Users\gabri\OneDrive\Área de Trabalho\Projetos NodeJs\curso_jest\seu_barriga\src\services\transaction.js
FN:3,(anonymous_0)
FN:4,(anonymous_1)
FN:12,(anonymous_2)
FN:18,(anonymous_3)
FN:35,(anonymous_4)
FN:41,(anonymous_5)
FNF:6
FNH:6
FNDA:7,(anonymous_0)
FNDA:5,(anonymous_1)
FNDA:3,(anonymous_2)
FNDA:15,(anonymous_3)
FNDA:1,(anonymous_4)
FNDA:1,(anonymous_5)
DA:1,7
DA:3,7
DA:4,7
DA:5,5
DA:12,7
DA:13,3
DA:18,7
DA:19,15
DA:20,14
DA:21,13
DA:22,12
DA:23,11
DA:25,10
DA:26,10
DA:28,5
DA:31,10
DA:35,7
DA:36,1
DA:41,7
DA:42,1
DA:47,7
LF:21
LH:21
BRDA:4,0,0,1
BRDA:12,1,0,0
BRDA:19,2,0,1
BRDA:19,2,1,14
BRDA:20,3,0,1
BRDA:20,3,1,13
BRDA:21,4,0,1
BRDA:21,4,1,12
BRDA:22,5,0,1
BRDA:22,5,1,11
BRDA:23,6,0,1
BRDA:23,6,1,10
BRDA:23,7,0,11
BRDA:23,7,1,5
BRDA:26,8,0,5
BRDA:26,8,1,5
BRDA:26,9,0,10
BRDA:26,9,1,6
BRDA:26,9,2,9
BRDA:26,9,3,4
BRF:20
BRH:19
end_of_record
TN:
SF:C:\Users\gabri\OneDrive\Área de Trabalho\Projetos NodeJs\curso_jest\seu_barriga\src\services\transfer.js
FN:3,(anonymous_0)
FN:4,(anonymous_1)
FN:10,(anonymous_2)
FN:16,(anonymous_3)
FN:26,(anonymous_4)
FN:31,(anonymous_5)
FN:64,(anonymous_6)
FN:98,(anonymous_7)
FNF:8
FNH:8
FNDA:7,(anonymous_0)
FNDA:1,(anonymous_1)
FNDA:12,(anonymous_2)
FNDA:17,(anonymous_3)
FNDA:10,(anonymous_4)
FNDA:2,(anonymous_5)
FNDA:1,(anonymous_6)
FNDA:1,(anonymous_7)
DA:1,7
DA:3,7
DA:4,7
DA:5,1
DA:10,7
DA:11,12
DA:16,7
DA:17,17
DA:18,15
DA:19,13
DA:20,11
DA:21,9
DA:22,7
DA:24,5
DA:26,5
DA:27,10
DA:31,7
DA:34,2
DA:35,2
DA:37,2
DA:60,2
DA:61,2
DA:64,7
DA:66,1
DA:70,1
DA:93,1
DA:94,1
DA:95,1
DA:98,7
DA:99,1
DA:100,1
DA:103,7
LF:32
LH:32
BRDA:4,0,0,0
BRDA:10,1,0,0
BRDA:17,2,0,2
BRDA:17,2,1,15
BRDA:18,3,0,2
BRDA:18,3,1,13
BRDA:19,4,0,2
BRDA:19,4,1,11
BRDA:20,5,0,2
BRDA:20,5,1,9
BRDA:21,6,0,2
BRDA:21,6,1,7
BRDA:22,7,0,2
BRDA:22,7,1,5
BRDA:27,8,0,2
BRDA:27,8,1,8
BRF:16
BRH:14
end_of_record
TN:
SF:C:\Users\gabri\OneDrive\Área de Trabalho\Projetos NodeJs\curso_jest\seu_barriga\src\services\user.js
FN:4,(anonymous_0)
FN:5,(anonymous_1)
FN:9,(anonymous_2)
FN:13,(anonymous_3)
FN:18,(anonymous_4)
FNF:5
FNH:5
FNDA:7,(anonymous_0)
FNDA:1,(anonymous_1)
FNDA:99,(anonymous_2)
FNDA:26,(anonymous_3)
FNDA:30,(anonymous_4)
DA:1,7
DA:2,7
DA:4,7
DA:5,7
DA:6,1
DA:9,7
DA:10,99
DA:13,7
DA:14,26
DA:15,26
DA:18,7
DA:19,30
DA:20,29
DA:21,28
DA:23,27
DA:24,27
DA:26,26
DA:27,26
DA:28,26
DA:31,7
LF:20
LH:20
BRDA:9,0,0,0
BRDA:19,1,0,1
BRDA:19,1,1,29
BRDA:20,2,0,1
BRDA:20,2,1,28
BRDA:21,3,0,1
BRDA:21,3,1,27
BRDA:24,4,0,1
BRDA:24,4,1,26
BRF:9
BRH:8
end_of_record
